s6-rc: info: service s6rc-oneshot-runner: starting
s6-rc: info: service s6rc-oneshot-runner successfully started
s6-rc: info: service fix-attrs: starting
s6-rc: info: service fix-attrs successfully started
s6-rc: info: service legacy-cont-init: starting
s6-rc: info: service legacy-cont-init successfully started
s6-rc: info: service legacy-services: starting
services-up: info: copying legacy longrun home-assistant (no readiness notification)
s6-rc: info: service legacy-services successfully started
2026-07-09 08:33:46.587 WARNING (SyncWorker_0) [homeassistant.loader] We found a custom integration computherm which has not been tested by Home Assistant. This component might cause stability problems, be sure to disable it if you experience issues with Home Assistant
2026-07-09 08:33:46.594 WARNING (SyncWorker_0) [homeassistant.loader] We found a custom integration hacs which has not been tested by Home Assistant. This component might cause stability problems, be sure to disable it if you experience issues with Home Assistant
2026-07-09 08:33:46.599 WARNING (SyncWorker_0) [homeassistant.loader] We found a custom integration climate_group which has not been tested by Home Assistant. This component might cause stability problems, be sure to disable it if you experience issues with Home Assistant
2026-07-09 08:33:46.604 WARNING (SyncWorker_0) [homeassistant.loader] We found a custom integration floureon which has not been tested by Home Assistant. This component might cause stability problems, be sure to disable it if you experience issues with Home Assistant
2026-07-09 08:33:46.609 WARNING (SyncWorker_0) [homeassistant.loader] We found a custom integration sonoff which has not been tested by Home Assistant. This component might cause stability problems, be sure to disable it if you experience issues with Home Assistant
2026-07-09 08:34:08.495 WARNING (SyncWorker_10) [custom_components.computherm.climate] === Raw register dump for Thermostat DEV01 TEST ===
2026-07-09 08:34:08.497 WARNING (SyncWorker_10) [custom_components.computherm.climate] Hex: 20a9303210002a04230500000001251408220704060008000a000e0012001600080016002832323228282828
2026-07-09 08:34:08.497 WARNING (SyncWorker_10) [custom_components.computherm.climate] Bytes: [32, 169, 48, 50, 16, 0, 42, 4, 35, 5, 0, 0, 0, 1, 37, 20, 8, 34, 7, 4, 6, 0, 8, 0, 10, 0, 14, 0, 18, 0, 22, 0, 8, 0, 22, 0, 40, 50, 50, 50, 40, 40, 40, 40]
2026-07-09 08:34:08.497 WARNING (SyncWorker_10) [custom_components.computherm.climate]   byte[  0] = 0x20 ( 32)  reg00 (remote_lock...)
2026-07-09 08:34:08.498 WARNING (SyncWorker_10) [custom_components.computherm.climate]   byte[  1] = 0xa9 (169)  reg01 (power/active/heat_cool...)
2026-07-09 08:34:08.502 WARNING (SyncWorker_10) [custom_components.computherm.climate]   byte[  2] = 0x30 ( 48)  reg02 (room_temp)
2026-07-09 08:34:08.502 WARNING (SyncWorker_10) [custom_components.computherm.climate]   byte[  3] = 0x32 ( 50)  reg03 (thermostat_temp...)
2026-07-09 08:34:08.503 WARNING (SyncWorker_10) [custom_components.computherm.climate]   byte[  4] = 0x10 ( 16)  reg04 (auto/loop_mode)
2026-07-09 08:34:08.503 WARNING (SyncWorker_10) [custom_components.computherm.climate]   byte[  5] = 0x00 (  0)  reg05 (sensor)
2026-07-09 08:34:08.504 WARNING (SyncWorker_10) [custom_components.computherm.climate]   byte[  6] = 0x2a ( 42)  reg06 (osv)
2026-07-09 08:34:08.504 WARNING (SyncWorker_10) [custom_components.computherm.climate]   byte[  7] = 0x04 (  4)  reg07 (dif)
2026-07-09 08:34:08.504 WARNING (SyncWorker_10) [custom_components.computherm.climate]   byte[  8] = 0x23 ( 35)  reg08 (svh)
2026-07-09 08:34:08.504 WARNING (SyncWorker_10) [custom_components.computherm.climate]   byte[  9] = 0x05 (  5)  reg09 (svl)
2026-07-09 08:34:08.505 WARNING (SyncWorker_10) [custom_components.computherm.climate]   byte[ 10] = 0x00 (  0)  reg0A (room_temp_adj)
2026-07-09 08:34:08.505 WARNING (SyncWorker_10) [custom_components.computherm.climate]   byte[ 11] = 0x00 (  0)  
2026-07-09 08:34:08.505 WARNING (SyncWorker_10) [custom_components.computherm.climate]   byte[ 12] = 0x00 (  0)  reg0C (fre)
2026-07-09 08:34:08.505 WARNING (SyncWorker_10) [custom_components.computherm.climate]   byte[ 13] = 0x01 (  1)  reg0D (poweron)
2026-07-09 08:34:08.506 WARNING (SyncWorker_10) [custom_components.computherm.climate]   byte[ 14] = 0x25 ( 37)  reg0E (unknown)
2026-07-09 08:34:08.506 WARNING (SyncWorker_10) [custom_components.computherm.climate]   byte[ 15] = 0x14 ( 20)  reg0F (external_temp)
2026-07-09 08:34:08.506 WARNING (SyncWorker_10) [custom_components.computherm.climate]   byte[ 16] = 0x08 (  8)  
2026-07-09 08:34:08.506 WARNING (SyncWorker_10) [custom_components.computherm.climate]   byte[ 17] = 0x22 ( 34)  
2026-07-09 08:34:08.507 WARNING (SyncWorker_10) [custom_components.computherm.climate]   byte[ 18] = 0x07 (  7)  
2026-07-09 08:34:08.515 WARNING (SyncWorker_10) [custom_components.computherm.climate]   byte[ 19] = 0x04 (  4)  
2026-07-09 08:34:08.515 WARNING (SyncWorker_10) [custom_components.computherm.climate]   byte[ 20] = 0x06 (  6)  
2026-07-09 08:34:08.515 WARNING (SyncWorker_10) [custom_components.computherm.climate]   byte[ 21] = 0x00 (  0)  
2026-07-09 08:34:08.516 WARNING (SyncWorker_10) [custom_components.computherm.climate]   byte[ 22] = 0x08 (  8)  
2026-07-09 08:34:08.516 WARNING (SyncWorker_10) [custom_components.computherm.climate]   byte[ 23] = 0x00 (  0)  
2026-07-09 08:34:08.516 WARNING (SyncWorker_10) [custom_components.computherm.climate]   byte[ 24] = 0x0a ( 10)  
2026-07-09 08:34:08.516 WARNING (SyncWorker_10) [custom_components.computherm.climate]   byte[ 25] = 0x00 (  0)  
2026-07-09 08:34:08.517 WARNING (SyncWorker_10) [custom_components.computherm.climate]   byte[ 26] = 0x0e ( 14)  
2026-07-09 08:34:08.517 WARNING (SyncWorker_10) [custom_components.computherm.climate]   byte[ 27] = 0x00 (  0)  
2026-07-09 08:34:08.517 WARNING (SyncWorker_10) [custom_components.computherm.climate]   byte[ 28] = 0x12 ( 18)  
2026-07-09 08:34:08.517 WARNING (SyncWorker_10) [custom_components.computherm.climate]   byte[ 29] = 0x00 (  0)  
2026-07-09 08:34:08.518 WARNING (SyncWorker_10) [custom_components.computherm.climate]   byte[ 30] = 0x16 ( 22)  
2026-07-09 08:34:08.518 WARNING (SyncWorker_10) [custom_components.computherm.climate]   byte[ 31] = 0x00 (  0)  
2026-07-09 08:34:08.518 WARNING (SyncWorker_10) [custom_components.computherm.climate]   byte[ 32] = 0x08 (  8)  
2026-07-09 08:34:08.518 WARNING (SyncWorker_10) [custom_components.computherm.climate]   byte[ 33] = 0x00 (  0)  
2026-07-09 08:34:08.518 WARNING (SyncWorker_10) [custom_components.computherm.climate]   byte[ 34] = 0x16 ( 22)  
2026-07-09 08:34:08.519 WARNING (SyncWorker_10) [custom_components.computherm.climate]   byte[ 35] = 0x00 (  0)  
2026-07-09 08:34:08.519 WARNING (SyncWorker_10) [custom_components.computherm.climate]   byte[ 36] = 0x28 ( 40)  
2026-07-09 08:34:08.519 WARNING (SyncWorker_10) [custom_components.computherm.climate]   byte[ 37] = 0x32 ( 50)  
2026-07-09 08:34:08.519 WARNING (SyncWorker_10) [custom_components.computherm.climate]   byte[ 38] = 0x32 ( 50)  
2026-07-09 08:34:08.520 WARNING (SyncWorker_10) [custom_components.computherm.climate]   byte[ 39] = 0x32 ( 50)  
2026-07-09 08:34:08.520 WARNING (SyncWorker_10) [custom_components.computherm.climate]   byte[ 40] = 0x28 ( 40)  
2026-07-09 08:34:08.520 WARNING (SyncWorker_10) [custom_components.computherm.climate]   byte[ 41] = 0x28 ( 40)  
2026-07-09 08:34:08.520 WARNING (SyncWorker_10) [custom_components.computherm.climate]   byte[ 42] = 0x28 ( 40)  
2026-07-09 08:34:08.521 WARNING (SyncWorker_10) [custom_components.computherm.climate]   byte[ 43] = 0x28 ( 40)  
2026-07-09 08:34:08.521 WARNING (SyncWorker_10) [custom_components.computherm.climate] === End dump ===
2026-07-09 08:34:14.827 WARNING (MainThread) [homeassistant.helpers.frame] Detected that integration 'ipp' passes a non-string value of type list as sw_version to the device registry at homeassistant/components/ipp/sensor.py, line 126: async_add_entities(sensors, True). This will stop working in Home Assistant 2026.12.0, please create a bug report at https://github.com/home-assistant/core/issues?q=is%3Aopen+is%3Aissue+label%3A%22integration%3A+ipp%22
2026-07-09 08:34:14.922 WARNING (MainThread) [homeassistant.helpers.frame] Detected code that passes a non-string value of type list as sw_version to the device registry. This will stop working in Home Assistant 2026.12.0, please report this issue
Stack (most recent call last):
  File "<frozen runpy>", line 203, in _run_module_as_main
  File "<frozen runpy>", line 88, in _run_code
  File "/usr/src/homeassistant/homeassistant/__main__.py", line 227, in <module>
    sys.exit(main())
  File "/usr/src/homeassistant/homeassistant/__main__.py", line 213, in main
    exit_code = runner.run(runtime_conf)
  File "/usr/src/homeassistant/homeassistant/runner.py", line 289, in run
    return loop.run_until_complete(setup_and_run_hass(runtime_config))
  File "/usr/local/lib/python3.14/asyncio/base_events.py", line 706, in run_until_complete
    self.run_forever()
  File "/usr/local/lib/python3.14/asyncio/base_events.py", line 677, in run_forever
    self._run_once()
  File "/usr/local/lib/python3.14/asyncio/base_events.py", line 2056, in _run_once
    handle._run()
  File "/usr/local/lib/python3.14/asyncio/events.py", line 94, in _run
    self._context.run(self._callback, *self._args)
  File "/usr/src/homeassistant/homeassistant/helpers/entity_platform.py", line 937, in _async_add_entity
    device = dr.async_get(self.hass).async_get_or_create(
  File "/usr/src/homeassistant/homeassistant/helpers/device_registry.py", line 918, in async_get_or_create
    validated_fields = _validate_device_info_fields(
  File "/usr/src/homeassistant/homeassistant/helpers/device_registry.py", line 318, in _validate_device_info_fields
    "sw_version": _validate_str("sw_version", fields["sw_version"]),
  File "/usr/src/homeassistant/homeassistant/helpers/device_registry.py", line 285, in _validate_str
    report_usage(
  File "/usr/src/homeassistant/homeassistant/helpers/frame.py", line 218, in report_usage
    _report_usage_partial()
  File "/usr/src/homeassistant/homeassistant/helpers/frame.py", line 254, in _report_usage
    _report_usage_no_integration(
  File "/usr/src/homeassistant/homeassistant/helpers/frame.py", line 393, in _report_usage_no_integration
    _LOGGER.warning(msg, stack_info=True)
2026-07-09 08:34:22.125 WARNING (MainThread) [custom_components.hacs] You have 'nervetattoo/simple-thermostat' installed with HACS this repository has been removed from HACS, please consider removing it. Removal reason (Repository has been abandoned)
